2016/05/11 21:22:54 [error] [exception.CDbException] exception 'CDbException' with message 'CDbConnection failed to open the DB connection: SQLSTATE[HY000] [1045] Access denied for user 'yii1'@'localhost' (using password: YES)' in D:\webdev\xamp\htdocs\sites\yii1\framework\db\CDbConnection.php:399
Stack trace:
#0 D:\webdev\xamp\htdocs\sites\yii1\framework\db\CDbConnection.php(347): CDbConnection->open()
#1 D:\webdev\xamp\htdocs\sites\yii1\framework\db\CDbConnection.php(325): CDbConnection->setActive(true)
#2 D:\webdev\xamp\htdocs\sites\yii1\framework\base\CModule.php(394): CDbConnection->init()
#3 D:\webdev\xamp\htdocs\sites\yii1\framework\base\CModule.php(103): CModule->getComponent('db')
#4 D:\webdev\xamp\htdocs\sites\yii1\framework\gii\generators\model\ModelCode.php(60): CModule->__get('db')
#5 D:\webdev\xamp\htdocs\sites\yii1\framework\web\CFormModel.php(39): ModelCode->init()
#6 D:\webdev\xamp\htdocs\sites\yii1\framework\gii\CCodeGenerator.php(153): CFormModel->__construct()
#7 D:\webdev\xamp\htdocs\sites\yii1\framework\gii\CCodeGenerator.php(63): CCodeGenerator->prepare()
#8 D:\webdev\xamp\htdocs\sites\yii1\framework\web\actions\CInlineAction.php(49): CCodeGenerator->actionIndex()
#9 D:\webdev\xamp\htdocs\sites\yii1\framework\web\CController.php(308): CInlineAction->runWithParams(Array)
#10 D:\webdev\xamp\htdocs\sites\yii1\framework\web\CController.php(286): CController->runAction(Object(CInlineAction))
#11 D:\webdev\xamp\htdocs\sites\yii1\framework\web\CController.php(265): CController->runActionWithFilters(Object(CInlineAction), Array)
#12 D:\webdev\xamp\htdocs\sites\yii1\framework\web\CWebApplication.php(282): CController->run('index')
#13 D:\webdev\xamp\htdocs\sites\yii1\framework\web\CWebApplication.php(141): CWebApplication->runController('gii/model/index')
#14 D:\webdev\xamp\htdocs\sites\yii1\framework\base\CApplication.php(185): CWebApplication->processRequest()
#15 D:\webdev\xamp\htdocs\sites\yii1\index.php(13): CApplication->run()
#16 {main}
REQUEST_URI=/sites/yii1/index.php?r=gii/model/index
HTTP_REFERER=http://localhost/sites/yii1/index.php?r=gii/default/index
---
2016/05/11 21:24:15 [error] [exception.CDbException] exception 'CDbException' with message 'CDbConnection failed to open the DB connection: SQLSTATE[HY000] [1045] Access denied for user 'yii1'@'localhost' (using password: YES)' in D:\webdev\xamp\htdocs\sites\yii1\framework\db\CDbConnection.php:399
Stack trace:
#0 D:\webdev\xamp\htdocs\sites\yii1\framework\db\CDbConnection.php(347): CDbConnection->open()
#1 D:\webdev\xamp\htdocs\sites\yii1\framework\db\CDbConnection.php(325): CDbConnection->setActive(true)
#2 D:\webdev\xamp\htdocs\sites\yii1\framework\base\CModule.php(394): CDbConnection->init()
#3 D:\webdev\xamp\htdocs\sites\yii1\framework\base\CModule.php(103): CModule->getComponent('db')
#4 D:\webdev\xamp\htdocs\sites\yii1\framework\gii\generators\model\ModelCode.php(60): CModule->__get('db')
#5 D:\webdev\xamp\htdocs\sites\yii1\framework\web\CFormModel.php(39): ModelCode->init()
#6 D:\webdev\xamp\htdocs\sites\yii1\framework\gii\CCodeGenerator.php(153): CFormModel->__construct()
#7 D:\webdev\xamp\htdocs\sites\yii1\framework\gii\CCodeGenerator.php(63): CCodeGenerator->prepare()
#8 D:\webdev\xamp\htdocs\sites\yii1\framework\web\actions\CInlineAction.php(49): CCodeGenerator->actionIndex()
#9 D:\webdev\xamp\htdocs\sites\yii1\framework\web\CController.php(308): CInlineAction->runWithParams(Array)
#10 D:\webdev\xamp\htdocs\sites\yii1\framework\web\CController.php(286): CController->runAction(Object(CInlineAction))
#11 D:\webdev\xamp\htdocs\sites\yii1\framework\web\CController.php(265): CController->runActionWithFilters(Object(CInlineAction), Array)
#12 D:\webdev\xamp\htdocs\sites\yii1\framework\web\CWebApplication.php(282): CController->run('index')
#13 D:\webdev\xamp\htdocs\sites\yii1\framework\web\CWebApplication.php(141): CWebApplication->runController('gii/model/index')
#14 D:\webdev\xamp\htdocs\sites\yii1\framework\base\CApplication.php(185): CWebApplication->processRequest()
#15 D:\webdev\xamp\htdocs\sites\yii1\index.php(13): CApplication->run()
#16 {main}
REQUEST_URI=/sites/yii1/index.php?r=gii/model/index
HTTP_REFERER=http://localhost/sites/yii1/index.php?r=gii/default/index
---
2016/05/11 21:24:17 [error] [exception.CDbException] exception 'CDbException' with message 'CDbConnection failed to open the DB connection: SQLSTATE[HY000] [1045] Access denied for user 'yii1'@'localhost' (using password: YES)' in D:\webdev\xamp\htdocs\sites\yii1\framework\db\CDbConnection.php:399
Stack trace:
#0 D:\webdev\xamp\htdocs\sites\yii1\framework\db\CDbConnection.php(347): CDbConnection->open()
#1 D:\webdev\xamp\htdocs\sites\yii1\framework\db\CDbConnection.php(325): CDbConnection->setActive(true)
#2 D:\webdev\xamp\htdocs\sites\yii1\framework\base\CModule.php(394): CDbConnection->init()
#3 D:\webdev\xamp\htdocs\sites\yii1\framework\base\CModule.php(103): CModule->getComponent('db')
#4 D:\webdev\xamp\htdocs\sites\yii1\framework\gii\generators\model\ModelCode.php(60): CModule->__get('db')
#5 D:\webdev\xamp\htdocs\sites\yii1\framework\web\CFormModel.php(39): ModelCode->init()
#6 D:\webdev\xamp\htdocs\sites\yii1\framework\gii\CCodeGenerator.php(153): CFormModel->__construct()
#7 D:\webdev\xamp\htdocs\sites\yii1\framework\gii\CCodeGenerator.php(63): CCodeGenerator->prepare()
#8 D:\webdev\xamp\htdocs\sites\yii1\framework\web\actions\CInlineAction.php(49): CCodeGenerator->actionIndex()
#9 D:\webdev\xamp\htdocs\sites\yii1\framework\web\CController.php(308): CInlineAction->runWithParams(Array)
#10 D:\webdev\xamp\htdocs\sites\yii1\framework\web\CController.php(286): CController->runAction(Object(CInlineAction))
#11 D:\webdev\xamp\htdocs\sites\yii1\framework\web\CController.php(265): CController->runActionWithFilters(Object(CInlineAction), Array)
#12 D:\webdev\xamp\htdocs\sites\yii1\framework\web\CWebApplication.php(282): CController->run('index')
#13 D:\webdev\xamp\htdocs\sites\yii1\framework\web\CWebApplication.php(141): CWebApplication->runController('gii/model/index')
#14 D:\webdev\xamp\htdocs\sites\yii1\framework\base\CApplication.php(185): CWebApplication->processRequest()
#15 D:\webdev\xamp\htdocs\sites\yii1\index.php(13): CApplication->run()
#16 {main}
REQUEST_URI=/sites/yii1/index.php?r=gii/model/index
HTTP_REFERER=http://localhost/sites/yii1/index.php?r=gii/default/index
---
2016/05/11 21:28:55 [error] [exception.CHttpException.404] exception 'CHttpException' with message 'Невозможно обработать запрос "location".' in D:\webdev\xamp\htdocs\sites\yii1\framework\web\CWebApplication.php:286
Stack trace:
#0 D:\webdev\xamp\htdocs\sites\yii1\framework\web\CWebApplication.php(141): CWebApplication->runController('location')
#1 D:\webdev\xamp\htdocs\sites\yii1\framework\base\CApplication.php(185): CWebApplication->processRequest()
#2 D:\webdev\xamp\htdocs\sites\yii1\index.php(13): CApplication->run()
#3 {main}
REQUEST_URI=/sites/yii1/index.php?r=location
---
2016/05/11 21:29:04 [error] [exception.CHttpException.404] exception 'CHttpException' with message 'Невозможно обработать запрос "location/admin".' in D:\webdev\xamp\htdocs\sites\yii1\framework\web\CWebApplication.php:286
Stack trace:
#0 D:\webdev\xamp\htdocs\sites\yii1\framework\web\CWebApplication.php(141): CWebApplication->runController('location/admin')
#1 D:\webdev\xamp\htdocs\sites\yii1\framework\base\CApplication.php(185): CWebApplication->processRequest()
#2 D:\webdev\xamp\htdocs\sites\yii1\index.php(13): CApplication->run()
#3 {main}
REQUEST_URI=/sites/yii1/index.php?r=location/admin
---
2016/05/11 21:29:13 [error] [exception.CHttpException.404] exception 'CHttpException' with message 'Невозможно обработать запрос "location".' in D:\webdev\xamp\htdocs\sites\yii1\framework\web\CWebApplication.php:286
Stack trace:
#0 D:\webdev\xamp\htdocs\sites\yii1\framework\web\CWebApplication.php(141): CWebApplication->runController('location')
#1 D:\webdev\xamp\htdocs\sites\yii1\framework\base\CApplication.php(185): CWebApplication->processRequest()
#2 D:\webdev\xamp\htdocs\sites\yii1\index.php(13): CApplication->run()
#3 {main}
REQUEST_URI=/sites/yii1/index.php?r=location
---
2016/05/11 21:53:44 [error] [exception.CException] exception 'CException' with message 'В классе WebUser и его поведениях не найден метод или замыкание с именем "isAdmin".' in D:\webdev\xamp\htdocs\sites\yii1\framework\base\CComponent.php:266
Stack trace:
#0 D:\webdev\xamp\htdocs\sites\yii1\protected\views\locations\index.php(10): CComponent->__call('isAdmin', Array)
#1 D:\webdev\xamp\htdocs\sites\yii1\protected\views\locations\index.php(10): WebUser->isAdmin()
#2 D:\webdev\xamp\htdocs\sites\yii1\framework\web\CBaseController.php(126): require('D:\\webdev\\xamp\\...')
#3 D:\webdev\xamp\htdocs\sites\yii1\framework\web\CBaseController.php(95): CBaseController->renderInternal('D:\\webdev\\xamp\\...', Array, true)
#4 D:\webdev\xamp\htdocs\sites\yii1\framework\web\CController.php(869): CBaseController->renderFile('D:\\webdev\\xamp\\...', Array, true)
#5 D:\webdev\xamp\htdocs\sites\yii1\framework\web\CController.php(782): CController->renderPartial('index', Array, true)
#6 D:\webdev\xamp\htdocs\sites\yii1\protected\controllers\LocationsController.php(130): CController->render('index', Array)
#7 D:\webdev\xamp\htdocs\sites\yii1\framework\web\actions\CInlineAction.php(49): LocationsController->actionIndex()
#8 D:\webdev\xamp\htdocs\sites\yii1\framework\web\CController.php(308): CInlineAction->runWithParams(Array)
#9 D:\webdev\xamp\htdocs\sites\yii1\framework\web\filters\CFilterChain.php(133): CController->runAction(Object(CInlineAction))
#10 D:\webdev\xamp\htdocs\sites\yii1\framework\web\filters\CFilter.php(40): CFilterChain->run()
#11 D:\webdev\xamp\htdocs\sites\yii1\framework\web\CController.php(1145): CFilter->filter(Object(CFilterChain))
#12 D:\webdev\xamp\htdocs\sites\yii1\framework\web\filters\CInlineFilter.php(58): CController->filterAccessControl(Object(CFilterChain))
#13 D:\webdev\xamp\htdocs\sites\yii1\framework\web\filters\CFilterChain.php(130): CInlineFilter->filter(Object(CFilterChain))
#14 D:\webdev\xamp\htdocs\sites\yii1\framework\web\CController.php(291): CFilterChain->run()
#15 D:\webdev\xamp\htdocs\sites\yii1\framework\web\CController.php(265): CController->runActionWithFilters(Object(CInlineAction), Array)
#16 D:\webdev\xamp\htdocs\sites\yii1\framework\web\CWebApplication.php(282): CController->run('index')
#17 D:\webdev\xamp\htdocs\sites\yii1\framework\web\CWebApplication.php(141): CWebApplication->runController('locations/index')
#18 D:\webdev\xamp\htdocs\sites\yii1\framework\base\CApplication.php(185): CWebApplication->processRequest()
#19 D:\webdev\xamp\htdocs\sites\yii1\index.php(13): CApplication->run()
#20 {main}
REQUEST_URI=/sites/yii1/index.php?r=locations/index
HTTP_REFERER=http://localhost/sites/yii1/index.php?r=site/login
---
2016/05/11 23:09:55 [error] [php] Undefined variable: address (D:\webdev\xamp\htdocs\sites\yii1\protected\views\locations\view.php:42)
Stack trace:
#0 D:\webdev\xamp\htdocs\sites\yii1\framework\web\CController.php(869): LocationsController->renderFile()
#1 D:\webdev\xamp\htdocs\sites\yii1\framework\web\CController.php(782): LocationsController->renderPartial()
#2 D:\webdev\xamp\htdocs\sites\yii1\protected\controllers\LocationsController.php(58): LocationsController->render()
#3 unknown(0): LocationsController->actionView()
#4 D:\webdev\xamp\htdocs\sites\yii1\framework\web\actions\CAction.php(109): ReflectionMethod->invokeArgs()
#5 D:\webdev\xamp\htdocs\sites\yii1\framework\web\actions\CInlineAction.php(47): CInlineAction->runWithParamsInternal()
#6 D:\webdev\xamp\htdocs\sites\yii1\framework\web\CController.php(308): CInlineAction->runWithParams()
#7 D:\webdev\xamp\htdocs\sites\yii1\framework\web\filters\CFilterChain.php(133): LocationsController->runAction()
#8 D:\webdev\xamp\htdocs\sites\yii1\framework\web\filters\CFilter.php(40): CFilterChain->run()
#9 D:\webdev\xamp\htdocs\sites\yii1\framework\web\CController.php(1145): CAccessControlFilter->filter()
#10 D:\webdev\xamp\htdocs\sites\yii1\framework\web\filters\CInlineFilter.php(58): LocationsController->filterAccessControl()
#11 D:\webdev\xamp\htdocs\sites\yii1\framework\web\filters\CFilterChain.php(130): CInlineFilter->filter()
#12 D:\webdev\xamp\htdocs\sites\yii1\framework\web\CController.php(291): CFilterChain->run()
#13 D:\webdev\xamp\htdocs\sites\yii1\framework\web\CController.php(265): LocationsController->runActionWithFilters()
#14 D:\webdev\xamp\htdocs\sites\yii1\framework\web\CWebApplication.php(282): LocationsController->run()
#15 D:\webdev\xamp\htdocs\sites\yii1\framework\web\CWebApplication.php(141): CWebApplication->runController()
#16 D:\webdev\xamp\htdocs\sites\yii1\framework\base\CApplication.php(185): CWebApplication->processRequest()
#17 D:\webdev\xamp\htdocs\sites\yii1\index.php(13): CWebApplication->run()
REQUEST_URI=/sites/yii1/index.php?r=locations/view&id=1
in D:\webdev\xamp\htdocs\sites\yii1\protected\views\locations\view.php (42)
in D:\webdev\xamp\htdocs\sites\yii1\protected\controllers\LocationsController.php (58)
in D:\webdev\xamp\htdocs\sites\yii1\index.php (13)
